[2025-03-09 16:17:31Z INFO HostContext] No proxy settings were found based on environmental variables (http_proxy/https_proxy/HTTP_PROXY/HTTPS_PROXY)
[2025-03-09 16:17:31Z INFO HostContext] Well known directory 'Bin': '/home/iago/Documentos/Coursera/Linux-System-Programming-Introduction-to-Buildroot/assignment-1-IagoErrera/actions-runner/bin'
[2025-03-09 16:17:31Z INFO HostContext] Well known directory 'Root': '/home/iago/Documentos/Coursera/Linux-System-Programming-Introduction-to-Buildroot/assignment-1-IagoErrera/actions-runner'
[2025-03-09 16:17:31Z INFO HostContext] Well known config file 'Credentials': '/home/iago/Documentos/Coursera/Linux-System-Programming-Introduction-to-Buildroot/assignment-1-IagoErrera/actions-runner/.credentials'
[2025-03-09 16:17:31Z INFO HostContext] Well known directory 'Bin': '/home/iago/Documentos/Coursera/Linux-System-Programming-Introduction-to-Buildroot/assignment-1-IagoErrera/actions-runner/bin'
[2025-03-09 16:17:31Z INFO HostContext] Well known directory 'Root': '/home/iago/Documentos/Coursera/Linux-System-Programming-Introduction-to-Buildroot/assignment-1-IagoErrera/actions-runner'
[2025-03-09 16:17:31Z INFO HostContext] Well known config file 'Runner': '/home/iago/Documentos/Coursera/Linux-System-Programming-Introduction-to-Buildroot/assignment-1-IagoErrera/actions-runner/.runner'
[2025-03-09 16:17:31Z INFO Listener] Runner is built for Linux (X64) - linux-x64.
[2025-03-09 16:17:31Z INFO Listener] RuntimeInformation: Ubuntu 24.04.1 LTS.
[2025-03-09 16:17:31Z INFO Listener] Version: 2.322.0
[2025-03-09 16:17:31Z INFO Listener] Commit: 0edc478ca75d0a753dcbcec7405f3f26db67b1ac
[2025-03-09 16:17:31Z INFO Listener] Culture: pt-BR
[2025-03-09 16:17:31Z INFO Listener] UI Culture: pt-BR
[2025-03-09 16:17:31Z INFO HostContext] Well known directory 'Bin': '/home/iago/Documentos/Coursera/Linux-System-Programming-Introduction-to-Buildroot/assignment-1-IagoErrera/actions-runner/bin'
[2025-03-09 16:17:31Z INFO HostContext] Well known directory 'Root': '/home/iago/Documentos/Coursera/Linux-System-Programming-Introduction-to-Buildroot/assignment-1-IagoErrera/actions-runner'
[2025-03-09 16:17:31Z INFO Listener] Validating directory permissions for: '/home/iago/Documentos/Coursera/Linux-System-Programming-Introduction-to-Buildroot/assignment-1-IagoErrera/actions-runner'
[2025-03-09 16:17:31Z INFO CommandLineParser] Parse
[2025-03-09 16:17:31Z INFO CommandLineParser] Parsing 5 args
[2025-03-09 16:17:31Z INFO CommandLineParser] parsing argument
[2025-03-09 16:17:31Z INFO CommandLineParser] HasArgs: False
[2025-03-09 16:17:31Z INFO CommandLineParser] Adding Command: configure
[2025-03-09 16:17:31Z INFO CommandLineParser] parsing argument
[2025-03-09 16:17:31Z INFO CommandLineParser] HasArgs: True
[2025-03-09 16:17:31Z INFO CommandLineParser] arg: url
[2025-03-09 16:17:31Z INFO CommandLineParser] parsing argument
[2025-03-09 16:17:31Z INFO CommandLineParser] HasArgs: True
[2025-03-09 16:17:31Z INFO CommandLineParser] Adding option 'url': 'https://github.com/cu-ecen-aeld/assignment-1-IagoErrera'
[2025-03-09 16:17:31Z INFO CommandLineParser] parsing argument
[2025-03-09 16:17:31Z INFO CommandLineParser] HasArgs: True
[2025-03-09 16:17:31Z INFO CommandLineParser] arg: token
[2025-03-09 16:17:31Z INFO CommandLineParser] parsing argument
[2025-03-09 16:17:31Z INFO CommandLineParser] HasArgs: True
[2025-03-09 16:17:31Z INFO CommandLineParser] Adding option 'token': '***'
[2025-03-09 16:17:31Z INFO Listener] Arguments parsed
[2025-03-09 16:17:31Z INFO Runner] ExecuteCommand
[2025-03-09 16:17:31Z INFO ConfigurationStore] currentAssemblyLocation: /home/iago/Documentos/Coursera/Linux-System-Programming-Introduction-to-Buildroot/assignment-1-IagoErrera/actions-runner/bin/Runner.Listener.dll
[2025-03-09 16:17:31Z INFO HostContext] Well known directory 'Bin': '/home/iago/Documentos/Coursera/Linux-System-Programming-Introduction-to-Buildroot/assignment-1-IagoErrera/actions-runner/bin'
[2025-03-09 16:17:31Z INFO ConfigurationStore] binPath: /home/iago/Documentos/Coursera/Linux-System-Programming-Introduction-to-Buildroot/assignment-1-IagoErrera/actions-runner/bin
[2025-03-09 16:17:31Z INFO HostContext] Well known directory 'Bin': '/home/iago/Documentos/Coursera/Linux-System-Programming-Introduction-to-Buildroot/assignment-1-IagoErrera/actions-runner/bin'
[2025-03-09 16:17:31Z INFO HostContext] Well known directory 'Root': '/home/iago/Documentos/Coursera/Linux-System-Programming-Introduction-to-Buildroot/assignment-1-IagoErrera/actions-runner'
[2025-03-09 16:17:31Z INFO ConfigurationStore] RootFolder: /home/iago/Documentos/Coursera/Linux-System-Programming-Introduction-to-Buildroot/assignment-1-IagoErrera/actions-runner
[2025-03-09 16:17:31Z INFO HostContext] Well known directory 'Bin': '/home/iago/Documentos/Coursera/Linux-System-Programming-Introduction-to-Buildroot/assignment-1-IagoErrera/actions-runner/bin'
[2025-03-09 16:17:31Z INFO HostContext] Well known directory 'Root': '/home/iago/Documentos/Coursera/Linux-System-Programming-Introduction-to-Buildroot/assignment-1-IagoErrera/actions-runner'
[2025-03-09 16:17:31Z INFO HostContext] Well known config file 'Runner': '/home/iago/Documentos/Coursera/Linux-System-Programming-Introduction-to-Buildroot/assignment-1-IagoErrera/actions-runner/.runner'
[2025-03-09 16:17:31Z INFO ConfigurationStore] ConfigFilePath: /home/iago/Documentos/Coursera/Linux-System-Programming-Introduction-to-Buildroot/assignment-1-IagoErrera/actions-runner/.runner
[2025-03-09 16:17:31Z INFO HostContext] Well known directory 'Bin': '/home/iago/Documentos/Coursera/Linux-System-Programming-Introduction-to-Buildroot/assignment-1-IagoErrera/actions-runner/bin'
[2025-03-09 16:17:31Z INFO HostContext] Well known directory 'Root': '/home/iago/Documentos/Coursera/Linux-System-Programming-Introduction-to-Buildroot/assignment-1-IagoErrera/actions-runner'
[2025-03-09 16:17:31Z INFO HostContext] Well known config file 'Credentials': '/home/iago/Documentos/Coursera/Linux-System-Programming-Introduction-to-Buildroot/assignment-1-IagoErrera/actions-runner/.credentials'
[2025-03-09 16:17:31Z INFO ConfigurationStore] CredFilePath: /home/iago/Documentos/Coursera/Linux-System-Programming-Introduction-to-Buildroot/assignment-1-IagoErrera/actions-runner/.credentials
[2025-03-09 16:17:31Z INFO HostContext] Well known directory 'Bin': '/home/iago/Documentos/Coursera/Linux-System-Programming-Introduction-to-Buildroot/assignment-1-IagoErrera/actions-runner/bin'
[2025-03-09 16:17:31Z INFO HostContext] Well known directory 'Root': '/home/iago/Documentos/Coursera/Linux-System-Programming-Introduction-to-Buildroot/assignment-1-IagoErrera/actions-runner'
[2025-03-09 16:17:31Z INFO HostContext] Well known config file 'MigratedCredentials': '/home/iago/Documentos/Coursera/Linux-System-Programming-Introduction-to-Buildroot/assignment-1-IagoErrera/actions-runner/.credentials_migrated'
[2025-03-09 16:17:31Z INFO ConfigurationStore] MigratedCredFilePath: /home/iago/Documentos/Coursera/Linux-System-Programming-Introduction-to-Buildroot/assignment-1-IagoErrera/actions-runner/.credentials_migrated
[2025-03-09 16:17:31Z INFO HostContext] Well known directory 'Bin': '/home/iago/Documentos/Coursera/Linux-System-Programming-Introduction-to-Buildroot/assignment-1-IagoErrera/actions-runner/bin'
[2025-03-09 16:17:31Z INFO HostContext] Well known directory 'Root': '/home/iago/Documentos/Coursera/Linux-System-Programming-Introduction-to-Buildroot/assignment-1-IagoErrera/actions-runner'
[2025-03-09 16:17:31Z INFO HostContext] Well known config file 'Service': '/home/iago/Documentos/Coursera/Linux-System-Programming-Introduction-to-Buildroot/assignment-1-IagoErrera/actions-runner/.service'
[2025-03-09 16:17:31Z INFO ConfigurationStore] ServiceConfigFilePath: /home/iago/Documentos/Coursera/Linux-System-Programming-Introduction-to-Buildroot/assignment-1-IagoErrera/actions-runner/.service
[2025-03-09 16:17:31Z INFO CommandSettings] Flag 'help': 'False'
[2025-03-09 16:17:31Z INFO CommandSettings] Flag 'version': 'False'
[2025-03-09 16:17:31Z INFO CommandSettings] Flag 'commit': 'False'
[2025-03-09 16:17:31Z INFO CommandSettings] Flag 'check': 'False'
[2025-03-09 16:17:31Z INFO CommandSettings] Command 'configure': 'True'
[2025-03-09 16:17:31Z INFO Terminal] WRITE LINE: 
[2025-03-09 16:17:31Z INFO Terminal] WRITE LINE: --------------------------------------------------------------------------------
[2025-03-09 16:17:31Z INFO Terminal] WRITE LINE: |        ____ _ _   _   _       _          _        _   _                      |
[2025-03-09 16:17:31Z INFO Terminal] WRITE LINE: |       / ___(_) |_| | | |_   _| |__      / \   ___| |_(_) ___  _ __  ___      |
[2025-03-09 16:17:31Z INFO Terminal] WRITE LINE: |      | |  _| | __| |_| | | | | '_ \    / _ \ / __| __| |/ _ \| '_ \/ __|     |
[2025-03-09 16:17:31Z INFO Terminal] WRITE LINE: |      | |_| | | |_|  _  | |_| | |_) |  / ___ \ (__| |_| | (_) | | | \__ \     |
[2025-03-09 16:17:31Z INFO Terminal] WRITE LINE: |       \____|_|\__|_| |_|\__,_|_.__/  /_/   \_\___|\__|_|\___/|_| |_|___/     |
[2025-03-09 16:17:31Z INFO Terminal] WRITE LINE: |                                                                              |
[2025-03-09 16:17:31Z INFO Terminal] WRITE: |                       
[2025-03-09 16:17:31Z INFO Terminal] WRITE: Self-hosted runner registration
[2025-03-09 16:17:31Z INFO Terminal] WRITE LINE:                         |
[2025-03-09 16:17:31Z INFO Terminal] WRITE LINE: |                                                                              |
[2025-03-09 16:17:31Z INFO Terminal] WRITE LINE: --------------------------------------------------------------------------------
[2025-03-09 16:17:31Z INFO ConfigurationManager] ConfigureAsync
[2025-03-09 16:17:31Z INFO CommandSettings] Flag 'generateServiceConfig': 'False'
[2025-03-09 16:17:31Z INFO ConfigurationStore] IsConfigured()
[2025-03-09 16:17:31Z INFO ConfigurationStore] IsConfigured: False
[2025-03-09 16:17:31Z INFO ConfigurationManager] Is configured: False
[2025-03-09 16:17:31Z INFO CommandSettings] Arg 'url': 'https://github.com/cu-ecen-aeld/assignment-1-IagoErrera'
[2025-03-09 16:17:31Z INFO CommandSettings] Remove url from Arg dictionary.
[2025-03-09 16:17:31Z INFO CommandSettings] Arg 'token': '***'
[2025-03-09 16:17:31Z INFO CommandSettings] Remove token from Arg dictionary.
[2025-03-09 16:17:32Z INFO ConfigurationManager] Http response code: OK from 'POST https://api.github.com/actions/runner-registration' (06E3:3A7FBE:1808165:1A43A58:67CDBF1B)
[2025-03-09 16:17:32Z INFO ConfigurationManager] Using V2 flow: False
[2025-03-09 16:17:32Z INFO ConfigurationManager] cred retrieved via GitHub auth
[2025-03-09 16:17:32Z INFO RunnerServer] EstablishVssConnection
[2025-03-09 16:17:32Z INFO RunnerServer] Establish connection with 100 seconds timeout.
[2025-03-09 16:17:32Z INFO GitHubActionsService] Starting operation Location.GetConnectionData
[2025-03-09 16:17:32Z INFO RunnerServer] EstablishVssConnection
[2025-03-09 16:17:32Z INFO RunnerServer] Establish connection with 60 seconds timeout.
[2025-03-09 16:17:32Z INFO GitHubActionsService] Starting operation Location.GetConnectionData
[2025-03-09 16:17:32Z INFO RunnerServer] EstablishVssConnection
[2025-03-09 16:17:32Z INFO RunnerServer] Establish connection with 60 seconds timeout.
[2025-03-09 16:17:32Z INFO GitHubActionsService] Starting operation Location.GetConnectionData
[2025-03-09 16:17:33Z INFO GitHubActionsService] Finished operation Location.GetConnectionData
[2025-03-09 16:17:33Z INFO GitHubActionsService] Finished operation Location.GetConnectionData
[2025-03-09 16:17:33Z INFO GitHubActionsService] Finished operation Location.GetConnectionData
[2025-03-09 16:17:33Z INFO Terminal] WRITE LINE: 
[2025-03-09 16:17:33Z INFO ConfigurationManager] Test Connection complete.
[2025-03-09 16:17:33Z INFO HostContext] Well known directory 'Bin': '/home/iago/Documentos/Coursera/Linux-System-Programming-Introduction-to-Buildroot/assignment-1-IagoErrera/actions-runner/bin'
[2025-03-09 16:17:33Z INFO HostContext] Well known directory 'Root': '/home/iago/Documentos/Coursera/Linux-System-Programming-Introduction-to-Buildroot/assignment-1-IagoErrera/actions-runner'
[2025-03-09 16:17:33Z INFO HostContext] Well known config file 'RSACredentials': '/home/iago/Documentos/Coursera/Linux-System-Programming-Introduction-to-Buildroot/assignment-1-IagoErrera/actions-runner/.credentials_rsaparams'
[2025-03-09 16:17:33Z INFO RSAFileKeyManager] Creating new RSA key using 2048-bit key length
[2025-03-09 16:17:34Z INFO RSAFileKeyManager] Successfully saved RSA key parameters to file /home/iago/Documentos/Coursera/Linux-System-Programming-Introduction-to-Buildroot/assignment-1-IagoErrera/actions-runner/.credentials_rsaparams
[2025-03-09 16:17:34Z INFO RSAFileKeyManager] Which2: 'chmod'
[2025-03-09 16:17:34Z INFO RSAFileKeyManager] Location: '/usr/bin/chmod'
[2025-03-09 16:17:34Z INFO HostContext] Well known directory 'Bin': '/home/iago/Documentos/Coursera/Linux-System-Programming-Introduction-to-Buildroot/assignment-1-IagoErrera/actions-runner/bin'
[2025-03-09 16:17:34Z INFO HostContext] Well known directory 'Root': '/home/iago/Documentos/Coursera/Linux-System-Programming-Introduction-to-Buildroot/assignment-1-IagoErrera/actions-runner'
[2025-03-09 16:17:34Z INFO ProcessInvokerWrapper] Starting process:
[2025-03-09 16:17:34Z INFO ProcessInvokerWrapper]   File name: '/usr/bin/chmod'
[2025-03-09 16:17:34Z INFO ProcessInvokerWrapper]   Arguments: '600 /home/iago/Documentos/Coursera/Linux-System-Programming-Introduction-to-Buildroot/assignment-1-IagoErrera/actions-runner/.credentials_rsaparams'
[2025-03-09 16:17:34Z INFO ProcessInvokerWrapper]   Working directory: '/home/iago/Documentos/Coursera/Linux-System-Programming-Introduction-to-Buildroot/assignment-1-IagoErrera/actions-runner'
[2025-03-09 16:17:34Z INFO ProcessInvokerWrapper]   Require exit code zero: 'False'
[2025-03-09 16:17:34Z INFO ProcessInvokerWrapper]   Encoding web name:  ; code page: ''
[2025-03-09 16:17:34Z INFO ProcessInvokerWrapper]   Force kill process on cancellation: 'False'
[2025-03-09 16:17:34Z INFO ProcessInvokerWrapper]   Redirected STDIN: 'False'
[2025-03-09 16:17:34Z INFO ProcessInvokerWrapper]   Persist current code page: 'False'
[2025-03-09 16:17:34Z INFO ProcessInvokerWrapper]   Keep redirected STDIN open: 'False'
[2025-03-09 16:17:34Z INFO ProcessInvokerWrapper]   High priority process: 'False'
[2025-03-09 16:17:34Z INFO ProcessInvokerWrapper] Process started with process id 11184, waiting for process exit.
[2025-03-09 16:17:34Z INFO ProcessInvokerWrapper] STDOUT/STDERR stream read finished.
[2025-03-09 16:17:34Z INFO ProcessInvokerWrapper] STDOUT/STDERR stream read finished.
[2025-03-09 16:17:34Z INFO ProcessInvokerWrapper] Finished process 11184 with exit code 0, and elapsed time 00:00:00.0101879.
[2025-03-09 16:17:34Z INFO RSAFileKeyManager] Successfully set permissions for RSA key parameters file /home/iago/Documentos/Coursera/Linux-System-Programming-Introduction-to-Buildroot/assignment-1-IagoErrera/actions-runner/.credentials_rsaparams
[2025-03-09 16:17:34Z INFO CommandSettings] Arg 'runnergroup': ''
[2025-03-09 16:17:34Z INFO CommandSettings] Flag 'unattended': 'False'
[2025-03-09 16:17:34Z INFO PromptManager] ReadValue
[2025-03-09 16:17:34Z INFO Terminal] WRITE: Enter the name of the runner group to add this runner to: 
[2025-03-09 16:17:34Z INFO Terminal] WRITE: [press Enter for Default] 
[2025-03-09 16:17:34Z INFO Terminal] READ LINE
[2025-03-09 16:17:41Z INFO Terminal] Read value: ''
[2025-03-09 16:17:41Z INFO PromptManager] Falling back to the default: 'Default'
[2025-03-09 16:17:41Z INFO Terminal] WRITE LINE: 
[2025-03-09 16:17:41Z INFO ConfigurationManager] Found a self-hosted runner group with id 1 and name Default
[2025-03-09 16:17:41Z INFO CommandSettings] Flag 'disableupdate': 'False'
[2025-03-09 16:17:41Z INFO CommandSettings] Flag 'ephemeral': 'False'
[2025-03-09 16:17:41Z INFO CommandSettings] Arg 'name': ''
[2025-03-09 16:17:41Z INFO CommandSettings] Flag 'unattended': 'False'
[2025-03-09 16:17:41Z INFO PromptManager] ReadValue
[2025-03-09 16:17:41Z INFO Terminal] WRITE: Enter the name of runner: 
[2025-03-09 16:17:41Z INFO Terminal] WRITE: [press Enter for iago] 
[2025-03-09 16:17:41Z INFO Terminal] READ LINE
[2025-03-09 16:18:06Z INFO Terminal] Read value: ''
[2025-03-09 16:18:06Z INFO PromptManager] Falling back to the default: 'iago'
[2025-03-09 16:18:06Z INFO Terminal] WRITE LINE: 
[2025-03-09 16:18:06Z INFO CommandSettings] Arg 'labels': ''
[2025-03-09 16:18:06Z INFO CommandSettings] Flag 'unattended': 'False'
[2025-03-09 16:18:06Z INFO PromptManager] ReadValue
[2025-03-09 16:18:06Z INFO Terminal] WRITE: This runner will have the following labels: 'self-hosted', 'Linux', 'X64' 
Enter any additional labels (ex. label-1,label-2): 
[2025-03-09 16:18:06Z INFO Terminal] WRITE: [press Enter to skip] 
[2025-03-09 16:18:06Z INFO Terminal] READ LINE
[2025-03-09 16:18:26Z INFO Terminal] Read value: ''
[2025-03-09 16:18:26Z INFO Terminal] WRITE LINE: 
[2025-03-09 16:18:26Z INFO CommandSettings] Flag 'disableupdate': 'False'
[2025-03-09 16:18:26Z INFO CommandSettings] Flag 'no-default-labels': 'False'
[2025-03-09 16:18:26Z INFO CommandSettings] Flag 'disableupdate': 'False'
[2025-03-09 16:18:26Z INFO CommandSettings] Flag 'ephemeral': 'False'
[2025-03-09 16:18:26Z INFO ConfigurationStore] Saving OAuth credential @ /home/iago/Documentos/Coursera/Linux-System-Programming-Introduction-to-Buildroot/assignment-1-IagoErrera/actions-runner/.credentials
[2025-03-09 16:18:26Z INFO ConfigurationStore] Credentials Saved.
[2025-03-09 16:18:26Z INFO ConfigurationStore] HasCredentials()
[2025-03-09 16:18:26Z INFO ConfigurationStore] stored True
[2025-03-09 16:18:26Z INFO CredentialManager] GetCredentialProvider
[2025-03-09 16:18:26Z INFO CredentialManager] Creating type OAuth
[2025-03-09 16:18:26Z INFO CredentialManager] Creating credential type: OAuth
[2025-03-09 16:18:26Z INFO RSAFileKeyManager] Loading RSA key parameters from file /home/iago/Documentos/Coursera/Linux-System-Programming-Introduction-to-Buildroot/assignment-1-IagoErrera/actions-runner/.credentials_rsaparams
[2025-03-09 16:18:26Z INFO RunnerServer] EstablishVssConnection
[2025-03-09 16:18:26Z INFO RunnerServer] Establish connection with 100 seconds timeout.
[2025-03-09 16:18:26Z INFO GitHubActionsService] Starting operation Location.GetConnectionData
[2025-03-09 16:18:26Z INFO RunnerServer] EstablishVssConnection
[2025-03-09 16:18:26Z INFO RunnerServer] Establish connection with 60 seconds timeout.
[2025-03-09 16:18:26Z INFO GitHubActionsService] Starting operation Location.GetConnectionData
[2025-03-09 16:18:26Z INFO RunnerServer] EstablishVssConnection
[2025-03-09 16:18:26Z INFO RunnerServer] Establish connection with 60 seconds timeout.
[2025-03-09 16:18:26Z INFO GitHubActionsService] Starting operation Location.GetConnectionData
[2025-03-09 16:18:27Z INFO GitHubActionsService] Finished operation Location.GetConnectionData
[2025-03-09 16:18:27Z INFO GitHubActionsService] Finished operation Location.GetConnectionData
[2025-03-09 16:18:27Z INFO GitHubActionsService] Finished operation Location.GetConnectionData
[2025-03-09 16:18:27Z INFO RSAFileKeyManager] Loading RSA key parameters from file /home/iago/Documentos/Coursera/Linux-System-Programming-Introduction-to-Buildroot/assignment-1-IagoErrera/actions-runner/.credentials_rsaparams
[2025-03-09 16:18:28Z INFO RSAFileKeyManager] Loading RSA key parameters from file /home/iago/Documentos/Coursera/Linux-System-Programming-Introduction-to-Buildroot/assignment-1-IagoErrera/actions-runner/.credentials_rsaparams
[2025-03-09 16:18:29Z INFO GitHubActionsService] AAD Correlation ID for this token request: Unknown
[2025-03-09 16:18:29Z INFO CommandSettings] Arg 'work': ''
[2025-03-09 16:18:29Z INFO CommandSettings] Flag 'unattended': 'False'
[2025-03-09 16:18:29Z INFO PromptManager] ReadValue
[2025-03-09 16:18:29Z INFO Terminal] WRITE: Enter name of work folder: 
[2025-03-09 16:18:29Z INFO Terminal] WRITE: [press Enter for _work] 
[2025-03-09 16:18:29Z INFO Terminal] READ LINE
[2025-03-09 16:18:36Z INFO Terminal] Read value: ''
[2025-03-09 16:18:36Z INFO PromptManager] Falling back to the default: '_work'
[2025-03-09 16:18:36Z INFO ConfigurationStore] Saving runner settings.
[2025-03-09 16:18:36Z INFO ConfigurationStore] Settings Saved.
[2025-03-09 16:18:36Z INFO Terminal] WRITE LINE: 
[2025-03-09 16:18:36Z INFO Terminal] WRITE LINE: 
[2025-03-09 16:18:36Z INFO SystemDControlManager] Service name 'actions.runner.cu-ecen-aeld-assignment-1-IagoErrera.iago.service' display name 'GitHub Actions Runner (cu-ecen-aeld-assignment-1-IagoErrera.iago)' will be used for service configuration.
[2025-03-09 16:18:36Z INFO HostContext] Well known directory 'Bin': '/home/iago/Documentos/Coursera/Linux-System-Programming-Introduction-to-Buildroot/assignment-1-IagoErrera/actions-runner/bin'
[2025-03-09 16:18:36Z INFO HostContext] Well known directory 'Root': '/home/iago/Documentos/Coursera/Linux-System-Programming-Introduction-to-Buildroot/assignment-1-IagoErrera/actions-runner'
[2025-03-09 16:18:36Z INFO HostContext] Well known directory 'Bin': '/home/iago/Documentos/Coursera/Linux-System-Programming-Introduction-to-Buildroot/assignment-1-IagoErrera/actions-runner/bin'
[2025-03-09 16:18:36Z INFO HostContext] Well known directory 'Bin': '/home/iago/Documentos/Coursera/Linux-System-Programming-Introduction-to-Buildroot/assignment-1-IagoErrera/actions-runner/bin'
[2025-03-09 16:18:36Z INFO HostContext] Well known directory 'Root': '/home/iago/Documentos/Coursera/Linux-System-Programming-Introduction-to-Buildroot/assignment-1-IagoErrera/actions-runner'
[2025-03-09 16:18:36Z INFO UnixUtil] Which2: 'chmod'
[2025-03-09 16:18:36Z INFO UnixUtil] Location: '/usr/bin/chmod'
[2025-03-09 16:18:36Z INFO UnixUtil] Running /usr/bin/chmod 755 "/home/iago/Documentos/Coursera/Linux-System-Programming-Introduction-to-Buildroot/assignment-1-IagoErrera/actions-runner/svc.sh"
[2025-03-09 16:18:36Z INFO ProcessInvokerWrapper] Starting process:
[2025-03-09 16:18:36Z INFO ProcessInvokerWrapper]   File name: '/usr/bin/chmod'
[2025-03-09 16:18:36Z INFO ProcessInvokerWrapper]   Arguments: '755 "/home/iago/Documentos/Coursera/Linux-System-Programming-Introduction-to-Buildroot/assignment-1-IagoErrera/actions-runner/svc.sh"'
[2025-03-09 16:18:36Z INFO ProcessInvokerWrapper]   Working directory: '/home/iago/Documentos/Coursera/Linux-System-Programming-Introduction-to-Buildroot/assignment-1-IagoErrera/actions-runner'
[2025-03-09 16:18:36Z INFO ProcessInvokerWrapper]   Require exit code zero: 'True'
[2025-03-09 16:18:36Z INFO ProcessInvokerWrapper]   Encoding web name:  ; code page: ''
[2025-03-09 16:18:36Z INFO ProcessInvokerWrapper]   Force kill process on cancellation: 'False'
[2025-03-09 16:18:36Z INFO ProcessInvokerWrapper]   Redirected STDIN: 'False'
[2025-03-09 16:18:36Z INFO ProcessInvokerWrapper]   Persist current code page: 'False'
[2025-03-09 16:18:36Z INFO ProcessInvokerWrapper]   Keep redirected STDIN open: 'False'
[2025-03-09 16:18:36Z INFO ProcessInvokerWrapper]   High priority process: 'False'
[2025-03-09 16:18:36Z INFO ProcessInvokerWrapper] Updated oom_score_adj to 500 for PID: 11198.
[2025-03-09 16:18:36Z INFO ProcessInvokerWrapper] Process started with process id 11198, waiting for process exit.
[2025-03-09 16:18:36Z INFO ProcessInvokerWrapper] STDOUT/STDERR stream read finished.
[2025-03-09 16:18:36Z INFO ProcessInvokerWrapper] STDOUT/STDERR stream read finished.
[2025-03-09 16:18:36Z INFO ProcessInvokerWrapper] Finished process 11198 with exit code 0, and elapsed time 00:00:00.0314342.
[2025-03-09 16:18:36Z INFO Listener] Runner execution has finished with return code 0
